<?xml version="1.0" encoding="UTF-8"?>
<testsuite xmlns:xsi="http://www.w3.org/2001/XMLSchema-instance" xsi:noNamespaceSchemaLocation="https://maven.apache.org/surefire/maven-surefire-plugin/xsd/surefire-test-report-3.0.xsd" version="3.0" name="fr.univavignon.pokedex.api.IPokedexTest" time="0.002" tests="6" errors="0" skipped="0" failures="0">
  <properties>
    <property name="java.specification.version" value="20"/>
    <property name="sun.jnu.encoding" value="UTF-8"/>
    <property name="java.class.path" value="/Users/sebastien/Desktop/M2 Informatique/Technique de test/ceri-m1-techniques-de-test/target/test-classes:/Users/sebastien/Desktop/M2 Informatique/Technique de test/ceri-m1-techniques-de-test/target/classes:/Users/sebastien/.m2/repository/junit/junit/4.13.1/junit-4.13.1.jar:/Users/sebastien/.m2/repository/org/hamcrest/hamcrest-core/1.3/hamcrest-core-1.3.jar:/Users/sebastien/.m2/repository/org/junit/jupiter/junit-jupiter-api/5.9.1/junit-jupiter-api-5.9.1.jar:/Users/sebastien/.m2/repository/org/opentest4j/opentest4j/1.2.0/opentest4j-1.2.0.jar:/Users/sebastien/.m2/repository/org/junit/platform/junit-platform-commons/1.9.1/junit-platform-commons-1.9.1.jar:/Users/sebastien/.m2/repository/org/apiguardian/apiguardian-api/1.1.2/apiguardian-api-1.1.2.jar:/Users/sebastien/.m2/repository/org/mockito/mockito-core/3.9.0/mockito-core-3.9.0.jar:/Users/sebastien/.m2/repository/net/bytebuddy/byte-buddy/1.10.20/byte-buddy-1.10.20.jar:/Users/sebastien/.m2/repository/net/bytebuddy/byte-buddy-agent/1.10.20/byte-buddy-agent-1.10.20.jar:/Users/sebastien/.m2/repository/org/objenesis/objenesis/3.2/objenesis-3.2.jar:/Users/sebastien/.m2/repository/org/jacoco/jacoco-maven-plugin/0.8.8/jacoco-maven-plugin-0.8.8.jar:/Users/sebastien/.m2/repository/org/codehaus/plexus/plexus-utils/3.0.22/plexus-utils-3.0.22.jar:/Users/sebastien/.m2/repository/org/apache/maven/shared/file-management/1.2.1/file-management-1.2.1.jar:/Users/sebastien/.m2/repository/org/apache/maven/maven-plugin-api/2.0.6/maven-plugin-api-2.0.6.jar:/Users/sebastien/.m2/repository/org/apache/maven/shared/maven-shared-io/1.1/maven-shared-io-1.1.jar:/Users/sebastien/.m2/repository/org/apache/maven/maven-artifact-manager/2.0.2/maven-artifact-manager-2.0.2.jar:/Users/sebastien/.m2/repository/org/codehaus/plexus/plexus-container-default/1.0-alpha-9/plexus-container-default-1.0-alpha-9.jar:/Users/sebastien/.m2/repository/classworlds/classworlds/1.1-alpha-2/classworlds-1.1-alpha-2.jar:/Users/sebastien/.m2/repository/org/apache/maven/reporting/maven-reporting-api/3.0/maven-reporting-api-3.0.jar:/Users/sebastien/.m2/repository/org/jacoco/org.jacoco.agent/0.8.8/org.jacoco.agent-0.8.8-runtime.jar:/Users/sebastien/.m2/repository/org/jacoco/org.jacoco.core/0.8.8/org.jacoco.core-0.8.8.jar:/Users/sebastien/.m2/repository/org/ow2/asm/asm/9.2/asm-9.2.jar:/Users/sebastien/.m2/repository/org/ow2/asm/asm-commons/9.2/asm-commons-9.2.jar:/Users/sebastien/.m2/repository/org/ow2/asm/asm-analysis/9.2/asm-analysis-9.2.jar:/Users/sebastien/.m2/repository/org/ow2/asm/asm-tree/9.2/asm-tree-9.2.jar:/Users/sebastien/.m2/repository/org/jacoco/org.jacoco.report/0.8.8/org.jacoco.report-0.8.8.jar:/Users/sebastien/.m2/repository/com/puppycrawl/tools/checkstyle/10.9.3/checkstyle-10.9.3.jar:/Users/sebastien/.m2/repository/info/picocli/picocli/4.7.1/picocli-4.7.1.jar:/Users/sebastien/.m2/repository/org/antlr/antlr4-runtime/4.11.1/antlr4-runtime-4.11.1.jar:/Users/sebastien/.m2/repository/commons-beanutils/commons-beanutils/1.9.4/commons-beanutils-1.9.4.jar:/Users/sebastien/.m2/repository/commons-logging/commons-logging/1.2/commons-logging-1.2.jar:/Users/sebastien/.m2/repository/commons-collections/commons-collections/3.2.2/commons-collections-3.2.2.jar:/Users/sebastien/.m2/repository/com/google/guava/guava/31.1-jre/guava-31.1-jre.jar:/Users/sebastien/.m2/repository/com/google/guava/failureaccess/1.0.1/failureaccess-1.0.1.jar:/Users/sebastien/.m2/repository/com/google/guava/listenablefuture/9999.0-empty-to-avoid-conflict-with-guava/listenablefuture-9999.0-empty-to-avoid-conflict-with-guava.jar:/Users/sebastien/.m2/repository/com/google/code/findbugs/jsr305/3.0.2/jsr305-3.0.2.jar:/Users/sebastien/.m2/repository/com/google/errorprone/error_prone_annotations/2.11.0/error_prone_annotations-2.11.0.jar:/Users/sebastien/.m2/repository/com/google/j2objc/j2objc-annotations/1.3/j2objc-annotations-1.3.jar:/Users/sebastien/.m2/repository/org/reflections/reflections/0.10.2/reflections-0.10.2.jar:/Users/sebastien/.m2/repository/org/javassist/javassist/3.28.0-GA/javassist-3.28.0-GA.jar:/Users/sebastien/.m2/repository/org/slf4j/slf4j-api/1.7.32/slf4j-api-1.7.32.jar:/Users/sebastien/.m2/repository/net/sf/saxon/Saxon-HE/12.1/Saxon-HE-12.1.jar:/Users/sebastien/.m2/repository/org/xmlresolver/xmlresolver/5.1.1/xmlresolver-5.1.1.jar:/Users/sebastien/.m2/repository/org/apache/httpcomponents/client5/httpclient5/5.1.3/httpclient5-5.1.3.jar:/Users/sebastien/.m2/repository/org/apache/httpcomponents/core5/httpcore5-h2/5.1.3/httpcore5-h2-5.1.3.jar:/Users/sebastien/.m2/repository/org/apache/httpcomponents/core5/httpcore5/5.1.3/httpcore5-5.1.3.jar:/Users/sebastien/.m2/repository/org/xmlresolver/xmlresolver/5.1.1/xmlresolver-5.1.1-data.jar:/Users/sebastien/.m2/repository/org/checkerframework/checker-qual/3.27.0/checker-qual-3.27.0.jar:/Users/sebastien/.m2/repository/org/apache/maven/plugins/maven-javadoc-plugin/3.5.0/maven-javadoc-plugin-3.5.0.jar:/Users/sebastien/.m2/repository/javax/inject/javax.inject/1/javax.inject-1.jar:/Users/sebastien/.m2/repository/org/apache/maven/maven-archiver/3.6.0/maven-archiver-3.6.0.jar:/Users/sebastien/.m2/repository/org/codehaus/plexus/plexus-io/3.4.0/plexus-io-3.4.0.jar:/Users/sebastien/.m2/repository/org/codehaus/plexus/plexus-archiver/4.4.0/plexus-archiver-4.4.0.jar:/Users/sebastien/.m2/repository/org/apache/commons/commons-compress/1.21/commons-compress-1.21.jar:/Users/sebastien/.m2/repository/org/iq80/snappy/snappy/0.4/snappy-0.4.jar:/Users/sebastien/.m2/repository/org/tukaani/xz/1.9/xz-1.9.jar:/Users/sebastien/.m2/repository/org/codehaus/plexus/plexus-interpolation/1.26/plexus-interpolation-1.26.jar:/Users/sebastien/.m2/repository/org/apache/maven/shared/maven-invoker/3.2.0/maven-invoker-3.2.0.jar:/Users/sebastien/.m2/repository/org/apache/maven/shared/maven-shared-utils/3.3.4/maven-shared-utils-3.3.4.jar:/Users/sebastien/.m2/repository/org/apache/maven/shared/maven-common-artifact-filters/3.2.0/maven-common-artifact-filters-3.2.0.jar:/Users/sebastien/.m2/repository/org/apache/maven/maven-artifact/3.1.1/maven-artifact-3.1.1.jar:/Users/sebastien/.m2/repository/org/apache/maven/maven-model/3.1.1/maven-model-3.1.1.jar:/Users/sebastien/.m2/repository/org/apache/maven/maven-core/3.1.1/maven-core-3.1.1.jar:/Users/sebastien/.m2/repository/org/apache/maven/maven-settings/3.1.1/maven-settings-3.1.1.jar:/Users/sebastien/.m2/repository/org/apache/maven/maven-settings-builder/3.1.1/maven-settings-builder-3.1.1.jar:/Users/sebastien/.m2/repository/org/apache/maven/maven-repository-metadata/3.1.1/maven-repository-metadata-3.1.1.jar:/Users/sebastien/.m2/repository/org/apache/maven/maven-model-builder/3.1.1/maven-model-builder-3.1.1.jar:/Users/sebastien/.m2/repository/org/apache/maven/maven-aether-provider/3.1.1/maven-aether-provider-3.1.1.jar:/Users/sebastien/.m2/repository/org/eclipse/aether/aether-spi/0.9.0.M2/aether-spi-0.9.0.M2.jar:/Users/sebastien/.m2/repository/org/eclipse/aether/aether-impl/0.9.0.M2/aether-impl-0.9.0.M2.jar:/Users/sebastien/.m2/repository/org/codehaus/plexus/plexus-classworlds/2.5.1/plexus-classworlds-2.5.1.jar:/Users/sebastien/.m2/repository/org/sonatype/plexus/plexus-sec-dispatcher/1.3/plexus-sec-dispatcher-1.3.jar:/Users/sebastien/.m2/repository/org/sonatype/plexus/plexus-cipher/1.4/plexus-cipher-1.4.jar:/Users/sebastien/.m2/repository/org/eclipse/aether/aether-api/0.9.0.M2/aether-api-0.9.0.M2.jar:/Users/sebastien/.m2/repository/org/eclipse/aether/aether-util/0.9.0.M2/aether-util-0.9.0.M2.jar:/Users/sebastien/.m2/repository/org/eclipse/sisu/org.eclipse.sisu.plexus/0.0.0.M5/org.eclipse.sisu.plexus-0.0.0.M5.jar:/Users/sebastien/.m2/repository/javax/enterprise/cdi-api/1.0/cdi-api-1.0.jar:/Users/sebastien/.m2/repository/javax/annotation/jsr250-api/1.0/jsr250-api-1.0.jar:/Users/sebastien/.m2/repository/org/sonatype/sisu/sisu-guice/3.1.0/sisu-guice-3.1.0-no_aop.jar:/Users/sebastien/.m2/repository/aopalliance/aopalliance/1.0/aopalliance-1.0.jar:/Users/sebastien/.m2/repository/org/eclipse/sisu/org.eclipse.sisu.inject/0.0.0.M5/org.eclipse.sisu.inject-0.0.0.M5.jar:/Users/sebastien/.m2/repository/org/apache/maven/doxia/doxia-sink-api/1.11.1/doxia-sink-api-1.11.1.jar:/Users/sebastien/.m2/repository/org/apache/maven/doxia/doxia-logging-api/1.11.1/doxia-logging-api-1.11.1.jar:/Users/sebastien/.m2/repository/org/apache/maven/doxia/doxia-site-renderer/1.11.1/doxia-site-renderer-1.11.1.jar:/Users/sebastien/.m2/repository/org/apache/maven/doxia/doxia-core/1.11.1/doxia-core-1.11.1.jar:/Users/sebastien/.m2/repository/org/apache/maven/doxia/doxia-decoration-model/1.11.1/doxia-decoration-model-1.11.1.jar:/Users/sebastien/.m2/repository/org/apache/maven/doxia/doxia-skin-model/1.11.1/doxia-skin-model-1.11.1.jar:/Users/sebastien/.m2/repository/org/apache/maven/doxia/doxia-module-xhtml/1.11.1/doxia-module-xhtml-1.11.1.jar:/Users/sebastien/.m2/repository/org/apache/maven/doxia/doxia-module-xhtml5/1.11.1/doxia-module-xhtml5-1.11.1.jar:/Users/sebastien/.m2/repository/org/codehaus/plexus/plexus-component-annotations/2.0.0/plexus-component-annotations-2.0.0.jar:/Users/sebastien/.m2/repository/org/codehaus/plexus/plexus-i18n/1.0-beta-10/plexus-i18n-1.0-beta-10.jar:/Users/sebastien/.m2/repository/org/codehaus/plexus/plexus-velocity/1.2/plexus-velocity-1.2.jar:/Users/sebastien/.m2/repository/org/apache/velocity/velocity/1.7/velocity-1.7.jar:/Users/sebastien/.m2/repository/commons-lang/commons-lang/2.4/commons-lang-2.4.jar:/Users/sebastien/.m2/repository/org/apache/velocity/velocity-tools/2.0/velocity-tools-2.0.jar:/Users/sebastien/.m2/repository/commons-digester/commons-digester/1.8/commons-digester-1.8.jar:/Users/sebastien/.m2/repository/commons-chain/commons-chain/1.1/commons-chain-1.1.jar:/Users/sebastien/.m2/repository/dom4j/dom4j/1.1/dom4j-1.1.jar:/Users/sebastien/.m2/repository/oro/oro/2.0.8/oro-2.0.8.jar:/Users/sebastien/.m2/repository/org/apache/maven/wagon/wagon-provider-api/2.4/wagon-provider-api-2.4.jar:/Users/sebastien/.m2/repository/org/apache/commons/commons-lang3/3.12.0/commons-lang3-3.12.0.jar:/Users/sebastien/.m2/repository/org/apache/commons/commons-text/1.10.0/commons-text-1.10.0.jar:/Users/sebastien/.m2/repository/org/apache/httpcomponents/httpclient/4.5.14/httpclient-4.5.14.jar:/Users/sebastien/.m2/repository/commons-codec/commons-codec/1.11/commons-codec-1.11.jar:/Users/sebastien/.m2/repository/org/apache/httpcomponents/httpcore/4.4.16/httpcore-4.4.16.jar:/Users/sebastien/.m2/repository/com/thoughtworks/qdox/qdox/2.0.3/qdox-2.0.3.jar:/Users/sebastien/.m2/repository/org/codehaus/plexus/plexus-java/1.1.2/plexus-java-1.1.2.jar:/Users/sebastien/.m2/repository/commons-io/commons-io/2.11.0/commons-io-2.11.0.jar:/Users/sebastien/.m2/repository/org/codehaus/plexus/plexus-interactivity-api/1.1/plexus-interactivity-api-1.1.jar:"/>
    <property name="java.vm.vendor" value="Homebrew"/>
    <property name="sun.arch.data.model" value="64"/>
    <property name="java.vendor.url" value="https://github.com/Homebrew/homebrew-core/issues"/>
    <property name="os.name" value="Mac OS X"/>
    <property name="java.vm.specification.version" value="20"/>
    <property name="sun.java.launcher" value="SUN_STANDARD"/>
    <property name="user.country" value="FR"/>
    <property name="sun.boot.library.path" value="/opt/homebrew/Cellar/openjdk/20/libexec/openjdk.jdk/Contents/Home/lib"/>
    <property name="sun.java.command" value="/Users/sebastien/Desktop/M2 Informatique/Technique de test/ceri-m1-techniques-de-test/target/surefire/surefirebooter-20230504103648422_3.jar /Users/sebastien/Desktop/M2 Informatique/Technique de test/ceri-m1-techniques-de-test/target/surefire 2023-05-04T10-36-48_381-jvmRun1 surefire-20230504103648422_1tmp surefire_0-20230504103648422_2tmp"/>
    <property name="http.nonProxyHosts" value="local|*.local|169.254/16|*.169.254/16"/>
    <property name="jdk.debug" value="release"/>
    <property name="surefire.test.class.path" value="/Users/sebastien/Desktop/M2 Informatique/Technique de test/ceri-m1-techniques-de-test/target/test-classes:/Users/sebastien/Desktop/M2 Informatique/Technique de test/ceri-m1-techniques-de-test/target/classes:/Users/sebastien/.m2/repository/junit/junit/4.13.1/junit-4.13.1.jar:/Users/sebastien/.m2/repository/org/hamcrest/hamcrest-core/1.3/hamcrest-core-1.3.jar:/Users/sebastien/.m2/repository/org/junit/jupiter/junit-jupiter-api/5.9.1/junit-jupiter-api-5.9.1.jar:/Users/sebastien/.m2/repository/org/opentest4j/opentest4j/1.2.0/opentest4j-1.2.0.jar:/Users/sebastien/.m2/repository/org/junit/platform/junit-platform-commons/1.9.1/junit-platform-commons-1.9.1.jar:/Users/sebastien/.m2/repository/org/apiguardian/apiguardian-api/1.1.2/apiguardian-api-1.1.2.jar:/Users/sebastien/.m2/repository/org/mockito/mockito-core/3.9.0/mockito-core-3.9.0.jar:/Users/sebastien/.m2/repository/net/bytebuddy/byte-buddy/1.10.20/byte-buddy-1.10.20.jar:/Users/sebastien/.m2/repository/net/bytebuddy/byte-buddy-agent/1.10.20/byte-buddy-agent-1.10.20.jar:/Users/sebastien/.m2/repository/org/objenesis/objenesis/3.2/objenesis-3.2.jar:/Users/sebastien/.m2/repository/org/jacoco/jacoco-maven-plugin/0.8.8/jacoco-maven-plugin-0.8.8.jar:/Users/sebastien/.m2/repository/org/codehaus/plexus/plexus-utils/3.0.22/plexus-utils-3.0.22.jar:/Users/sebastien/.m2/repository/org/apache/maven/shared/file-management/1.2.1/file-management-1.2.1.jar:/Users/sebastien/.m2/repository/org/apache/maven/maven-plugin-api/2.0.6/maven-plugin-api-2.0.6.jar:/Users/sebastien/.m2/repository/org/apache/maven/shared/maven-shared-io/1.1/maven-shared-io-1.1.jar:/Users/sebastien/.m2/repository/org/apache/maven/maven-artifact-manager/2.0.2/maven-artifact-manager-2.0.2.jar:/Users/sebastien/.m2/repository/org/codehaus/plexus/plexus-container-default/1.0-alpha-9/plexus-container-default-1.0-alpha-9.jar:/Users/sebastien/.m2/repository/classworlds/classworlds/1.1-alpha-2/classworlds-1.1-alpha-2.jar:/Users/sebastien/.m2/repository/org/apache/maven/reporting/maven-reporting-api/3.0/maven-reporting-api-3.0.jar:/Users/sebastien/.m2/repository/org/jacoco/org.jacoco.agent/0.8.8/org.jacoco.agent-0.8.8-runtime.jar:/Users/sebastien/.m2/repository/org/jacoco/org.jacoco.core/0.8.8/org.jacoco.core-0.8.8.jar:/Users/sebastien/.m2/repository/org/ow2/asm/asm/9.2/asm-9.2.jar:/Users/sebastien/.m2/repository/org/ow2/asm/asm-commons/9.2/asm-commons-9.2.jar:/Users/sebastien/.m2/repository/org/ow2/asm/asm-analysis/9.2/asm-analysis-9.2.jar:/Users/sebastien/.m2/repository/org/ow2/asm/asm-tree/9.2/asm-tree-9.2.jar:/Users/sebastien/.m2/repository/org/jacoco/org.jacoco.report/0.8.8/org.jacoco.report-0.8.8.jar:/Users/sebastien/.m2/repository/com/puppycrawl/tools/checkstyle/10.9.3/checkstyle-10.9.3.jar:/Users/sebastien/.m2/repository/info/picocli/picocli/4.7.1/picocli-4.7.1.jar:/Users/sebastien/.m2/repository/org/antlr/antlr4-runtime/4.11.1/antlr4-runtime-4.11.1.jar:/Users/sebastien/.m2/repository/commons-beanutils/commons-beanutils/1.9.4/commons-beanutils-1.9.4.jar:/Users/sebastien/.m2/repository/commons-logging/commons-logging/1.2/commons-logging-1.2.jar:/Users/sebastien/.m2/repository/commons-collections/commons-collections/3.2.2/commons-collections-3.2.2.jar:/Users/sebastien/.m2/repository/com/google/guava/guava/31.1-jre/guava-31.1-jre.jar:/Users/sebastien/.m2/repository/com/google/guava/failureaccess/1.0.1/failureaccess-1.0.1.jar:/Users/sebastien/.m2/repository/com/google/guava/listenablefuture/9999.0-empty-to-avoid-conflict-with-guava/listenablefuture-9999.0-empty-to-avoid-conflict-with-guava.jar:/Users/sebastien/.m2/repository/com/google/code/findbugs/jsr305/3.0.2/jsr305-3.0.2.jar:/Users/sebastien/.m2/repository/com/google/errorprone/error_prone_annotations/2.11.0/error_prone_annotations-2.11.0.jar:/Users/sebastien/.m2/repository/com/google/j2objc/j2objc-annotations/1.3/j2objc-annotations-1.3.jar:/Users/sebastien/.m2/repository/org/reflections/reflections/0.10.2/reflections-0.10.2.jar:/Users/sebastien/.m2/repository/org/javassist/javassist/3.28.0-GA/javassist-3.28.0-GA.jar:/Users/sebastien/.m2/repository/org/slf4j/slf4j-api/1.7.32/slf4j-api-1.7.32.jar:/Users/sebastien/.m2/repository/net/sf/saxon/Saxon-HE/12.1/Saxon-HE-12.1.jar:/Users/sebastien/.m2/repository/org/xmlresolver/xmlresolver/5.1.1/xmlresolver-5.1.1.jar:/Users/sebastien/.m2/repository/org/apache/httpcomponents/client5/httpclient5/5.1.3/httpclient5-5.1.3.jar:/Users/sebastien/.m2/repository/org/apache/httpcomponents/core5/httpcore5-h2/5.1.3/httpcore5-h2-5.1.3.jar:/Users/sebastien/.m2/repository/org/apache/httpcomponents/core5/httpcore5/5.1.3/httpcore5-5.1.3.jar:/Users/sebastien/.m2/repository/org/xmlresolver/xmlresolver/5.1.1/xmlresolver-5.1.1-data.jar:/Users/sebastien/.m2/repository/org/checkerframework/checker-qual/3.27.0/checker-qual-3.27.0.jar:/Users/sebastien/.m2/repository/org/apache/maven/plugins/maven-javadoc-plugin/3.5.0/maven-javadoc-plugin-3.5.0.jar:/Users/sebastien/.m2/repository/javax/inject/javax.inject/1/javax.inject-1.jar:/Users/sebastien/.m2/repository/org/apache/maven/maven-archiver/3.6.0/maven-archiver-3.6.0.jar:/Users/sebastien/.m2/repository/org/codehaus/plexus/plexus-io/3.4.0/plexus-io-3.4.0.jar:/Users/sebastien/.m2/repository/org/codehaus/plexus/plexus-archiver/4.4.0/plexus-archiver-4.4.0.jar:/Users/sebastien/.m2/repository/org/apache/commons/commons-compress/1.21/commons-compress-1.21.jar:/Users/sebastien/.m2/repository/org/iq80/snappy/snappy/0.4/snappy-0.4.jar:/Users/sebastien/.m2/repository/org/tukaani/xz/1.9/xz-1.9.jar:/Users/sebastien/.m2/repository/org/codehaus/plexus/plexus-interpolation/1.26/plexus-interpolation-1.26.jar:/Users/sebastien/.m2/repository/org/apache/maven/shared/maven-invoker/3.2.0/maven-invoker-3.2.0.jar:/Users/sebastien/.m2/repository/org/apache/maven/shared/maven-shared-utils/3.3.4/maven-shared-utils-3.3.4.jar:/Users/sebastien/.m2/repository/org/apache/maven/shared/maven-common-artifact-filters/3.2.0/maven-common-artifact-filters-3.2.0.jar:/Users/sebastien/.m2/repository/org/apache/maven/maven-artifact/3.1.1/maven-artifact-3.1.1.jar:/Users/sebastien/.m2/repository/org/apache/maven/maven-model/3.1.1/maven-model-3.1.1.jar:/Users/sebastien/.m2/repository/org/apache/maven/maven-core/3.1.1/maven-core-3.1.1.jar:/Users/sebastien/.m2/repository/org/apache/maven/maven-settings/3.1.1/maven-settings-3.1.1.jar:/Users/sebastien/.m2/repository/org/apache/maven/maven-settings-builder/3.1.1/maven-settings-builder-3.1.1.jar:/Users/sebastien/.m2/repository/org/apache/maven/maven-repository-metadata/3.1.1/maven-repository-metadata-3.1.1.jar:/Users/sebastien/.m2/repository/org/apache/maven/maven-model-builder/3.1.1/maven-model-builder-3.1.1.jar:/Users/sebastien/.m2/repository/org/apache/maven/maven-aether-provider/3.1.1/maven-aether-provider-3.1.1.jar:/Users/sebastien/.m2/repository/org/eclipse/aether/aether-spi/0.9.0.M2/aether-spi-0.9.0.M2.jar:/Users/sebastien/.m2/repository/org/eclipse/aether/aether-impl/0.9.0.M2/aether-impl-0.9.0.M2.jar:/Users/sebastien/.m2/repository/org/codehaus/plexus/plexus-classworlds/2.5.1/plexus-classworlds-2.5.1.jar:/Users/sebastien/.m2/repository/org/sonatype/plexus/plexus-sec-dispatcher/1.3/plexus-sec-dispatcher-1.3.jar:/Users/sebastien/.m2/repository/org/sonatype/plexus/plexus-cipher/1.4/plexus-cipher-1.4.jar:/Users/sebastien/.m2/repository/org/eclipse/aether/aether-api/0.9.0.M2/aether-api-0.9.0.M2.jar:/Users/sebastien/.m2/repository/org/eclipse/aether/aether-util/0.9.0.M2/aether-util-0.9.0.M2.jar:/Users/sebastien/.m2/repository/org/eclipse/sisu/org.eclipse.sisu.plexus/0.0.0.M5/org.eclipse.sisu.plexus-0.0.0.M5.jar:/Users/sebastien/.m2/repository/javax/enterprise/cdi-api/1.0/cdi-api-1.0.jar:/Users/sebastien/.m2/repository/javax/annotation/jsr250-api/1.0/jsr250-api-1.0.jar:/Users/sebastien/.m2/repository/org/sonatype/sisu/sisu-guice/3.1.0/sisu-guice-3.1.0-no_aop.jar:/Users/sebastien/.m2/repository/aopalliance/aopalliance/1.0/aopalliance-1.0.jar:/Users/sebastien/.m2/repository/org/eclipse/sisu/org.eclipse.sisu.inject/0.0.0.M5/org.eclipse.sisu.inject-0.0.0.M5.jar:/Users/sebastien/.m2/repository/org/apache/maven/doxia/doxia-sink-api/1.11.1/doxia-sink-api-1.11.1.jar:/Users/sebastien/.m2/repository/org/apache/maven/doxia/doxia-logging-api/1.11.1/doxia-logging-api-1.11.1.jar:/Users/sebastien/.m2/repository/org/apache/maven/doxia/doxia-site-renderer/1.11.1/doxia-site-renderer-1.11.1.jar:/Users/sebastien/.m2/repository/org/apache/maven/doxia/doxia-core/1.11.1/doxia-core-1.11.1.jar:/Users/sebastien/.m2/repository/org/apache/maven/doxia/doxia-decoration-model/1.11.1/doxia-decoration-model-1.11.1.jar:/Users/sebastien/.m2/repository/org/apache/maven/doxia/doxia-skin-model/1.11.1/doxia-skin-model-1.11.1.jar:/Users/sebastien/.m2/repository/org/apache/maven/doxia/doxia-module-xhtml/1.11.1/doxia-module-xhtml-1.11.1.jar:/Users/sebastien/.m2/repository/org/apache/maven/doxia/doxia-module-xhtml5/1.11.1/doxia-module-xhtml5-1.11.1.jar:/Users/sebastien/.m2/repository/org/codehaus/plexus/plexus-component-annotations/2.0.0/plexus-component-annotations-2.0.0.jar:/Users/sebastien/.m2/repository/org/codehaus/plexus/plexus-i18n/1.0-beta-10/plexus-i18n-1.0-beta-10.jar:/Users/sebastien/.m2/repository/org/codehaus/plexus/plexus-velocity/1.2/plexus-velocity-1.2.jar:/Users/sebastien/.m2/repository/org/apache/velocity/velocity/1.7/velocity-1.7.jar:/Users/sebastien/.m2/repository/commons-lang/commons-lang/2.4/commons-lang-2.4.jar:/Users/sebastien/.m2/repository/org/apache/velocity/velocity-tools/2.0/velocity-tools-2.0.jar:/Users/sebastien/.m2/repository/commons-digester/commons-digester/1.8/commons-digester-1.8.jar:/Users/sebastien/.m2/repository/commons-chain/commons-chain/1.1/commons-chain-1.1.jar:/Users/sebastien/.m2/repository/dom4j/dom4j/1.1/dom4j-1.1.jar:/Users/sebastien/.m2/repository/oro/oro/2.0.8/oro-2.0.8.jar:/Users/sebastien/.m2/repository/org/apache/maven/wagon/wagon-provider-api/2.4/wagon-provider-api-2.4.jar:/Users/sebastien/.m2/repository/org/apache/commons/commons-lang3/3.12.0/commons-lang3-3.12.0.jar:/Users/sebastien/.m2/repository/org/apache/commons/commons-text/1.10.0/commons-text-1.10.0.jar:/Users/sebastien/.m2/repository/org/apache/httpcomponents/httpclient/4.5.14/httpclient-4.5.14.jar:/Users/sebastien/.m2/repository/commons-codec/commons-codec/1.11/commons-codec-1.11.jar:/Users/sebastien/.m2/repository/org/apache/httpcomponents/httpcore/4.4.16/httpcore-4.4.16.jar:/Users/sebastien/.m2/repository/com/thoughtworks/qdox/qdox/2.0.3/qdox-2.0.3.jar:/Users/sebastien/.m2/repository/org/codehaus/plexus/plexus-java/1.1.2/plexus-java-1.1.2.jar:/Users/sebastien/.m2/repository/commons-io/commons-io/2.11.0/commons-io-2.11.0.jar:/Users/sebastien/.m2/repository/org/codehaus/plexus/plexus-interactivity-api/1.1/plexus-interactivity-api-1.1.jar:"/>
    <property name="sun.cpu.endian" value="little"/>
    <property name="user.home" value="/Users/sebastien"/>
    <property name="user.language" value="fr"/>
    <property name="java.specification.vendor" value="Oracle Corporation"/>
    <property name="java.version.date" value="2023-03-21"/>
    <property name="java.home" value="/opt/homebrew/Cellar/openjdk/20/libexec/openjdk.jdk/Contents/Home"/>
    <property name="file.separator" value="/"/>
    <property name="basedir" value="/Users/sebastien/Desktop/M2 Informatique/Technique de test/ceri-m1-techniques-de-test"/>
    <property name="java.vm.compressedOopsMode" value="Zero based"/>
    <property name="line.separator" value="&#10;"/>
    <property name="java.vm.specification.vendor" value="Oracle Corporation"/>
    <property name="java.specification.name" value="Java Platform API Specification"/>
    <property name="apple.awt.application.name" value="ForkedBooter"/>
    <property name="surefire.real.class.path" value="/Users/sebastien/Desktop/M2 Informatique/Technique de test/ceri-m1-techniques-de-test/target/surefire/surefirebooter-20230504103648422_3.jar"/>
    <property name="sun.management.compiler" value="HotSpot 64-Bit Tiered Compilers"/>
    <property name="ftp.nonProxyHosts" value="local|*.local|169.254/16|*.169.254/16"/>
    <property name="java.runtime.version" value="20"/>
    <property name="user.name" value="sebastien"/>
    <property name="stdout.encoding" value="UTF-8"/>
    <property name="path.separator" value=":"/>
    <property name="os.version" value="13.2.1"/>
    <property name="java.runtime.name" value="OpenJDK Runtime Environment"/>
    <property name="file.encoding" value="UTF-8"/>
    <property name="java.vm.name" value="OpenJDK 64-Bit Server VM"/>
    <property name="java.vendor.version" value="Homebrew"/>
    <property name="localRepository" value="/Users/sebastien/.m2/repository"/>
    <property name="java.vendor.url.bug" value="https://github.com/Homebrew/homebrew-core/issues"/>
    <property name="java.io.tmpdir" value="/var/folders/v_/mmplp_yn1xnb6t1w4yyccpnr0000gn/T/"/>
    <property name="java.version" value="20"/>
    <property name="user.dir" value="/Users/sebastien/Desktop/M2 Informatique/Technique de test/ceri-m1-techniques-de-test"/>
    <property name="os.arch" value="aarch64"/>
    <property name="java.vm.specification.name" value="Java Virtual Machine Specification"/>
    <property name="native.encoding" value="UTF-8"/>
    <property name="java.library.path" value="/Users/sebastien/Library/Java/Extensions:/Library/Java/Extensions:/Network/Library/Java/Extensions:/System/Library/Java/Extensions:/usr/lib/java:."/>
    <property name="java.vm.info" value="mixed mode, sharing"/>
    <property name="stderr.encoding" value="UTF-8"/>
    <property name="java.vendor" value="Homebrew"/>
    <property name="java.vm.version" value="20"/>
    <property name="sun.io.unicode.encoding" value="UnicodeBig"/>
    <property name="socksNonProxyHosts" value="local|*.local|169.254/16|*.169.254/16"/>
    <property name="java.class.version" value="64.0"/>
  </properties>
  <testcase name="testAdd" classname="fr.univavignon.pokedex.api.IPokedexTest" time="0.256">
    <system-err><![CDATA[java.lang.instrument.IllegalClassFormatException: Error while instrumenting sun/util/resources/cldr/provider/CLDRLocaleDataMetaInfo with JaCoCo 0.8.8.202204050719/5dcf34a.
	at org.jacoco.agent.rt.internal_b6258fc.CoverageTransformer.transform(CoverageTransformer.java:94)
	at java.instrument/java.lang.instrument.ClassFileTransformer.transform(ClassFileTransformer.java:244)
	at java.instrument/sun.instrument.TransformerManager.transform(TransformerManager.java:188)
	at java.instrument/sun.instrument.InstrumentationImpl.transform(InstrumentationImpl.java:541)
	at java.base/java.lang.ClassLoader.defineClass2(Native Method)
	at java.base/java.lang.ClassLoader.defineClass(ClassLoader.java:1104)
	at java.base/java.security.SecureClassLoader.defineClass(SecureClassLoader.java:182)
	at java.base/jdk.internal.loader.BuiltinClassLoader.defineClass(BuiltinClassLoader.java:821)
	at java.base/jdk.internal.loader.BuiltinClassLoader.findClassInModuleOrNull(BuiltinClassLoader.java:741)
	at java.base/jdk.internal.loader.BuiltinClassLoader.findClass(BuiltinClassLoader.java:621)
	at java.base/java.lang.ClassLoader.loadClass(ClassLoader.java:633)
	at java.base/java.lang.Class.forName(Class.java:585)
	at java.base/java.lang.Class.forName(Class.java:560)
	at java.base/java.util.ServiceLoader.loadProvider(ServiceLoader.java:859)
	at java.base/java.util.ServiceLoader$ModuleServicesLookupIterator.hasNext(ServiceLoader.java:1084)
	at java.base/java.util.ServiceLoader$2.hasNext(ServiceLoader.java:1309)
	at java.base/java.util.ServiceLoader$3.hasNext(ServiceLoader.java:1393)
	at java.base/sun.util.cldr.CLDRLocaleProviderAdapter.lambda$new$0(CLDRLocaleProviderAdapter.java:84)
	at java.base/java.security.AccessController.doPrivileged(AccessController.java:571)
	at java.base/sun.util.cldr.CLDRLocaleProviderAdapter.<init>(CLDRLocaleProviderAdapter.java:83)
	at java.base/jdk.internal.reflect.DirectConstructorHandleAccessor.newInstance(DirectConstructorHandleAccessor.java:67)
	at java.base/java.lang.reflect.Constructor.newInstanceWithCaller(Constructor.java:500)
	at java.base/java.lang.reflect.Constructor.newInstance(Constructor.java:484)
	at java.base/sun.util.locale.provider.LocaleProviderAdapter.forType(LocaleProviderAdapter.java:189)
	at java.base/sun.util.locale.provider.LocaleProviderAdapter.findAdapter(LocaleProviderAdapter.java:288)
	at java.base/sun.util.locale.provider.LocaleProviderAdapter.getAdapter(LocaleProviderAdapter.java:259)
	at java.base/java.text.DecimalFormatSymbols.getInstance(DecimalFormatSymbols.java:181)
	at java.base/java.util.Formatter.getDecimalFormatSymbols(Formatter.java:2021)
	at java.base/java.util.Formatter.getZero(Formatter.java:2029)
	at java.base/java.util.Formatter$FormatSpecifier.localizedMagnitude(Formatter.java:4526)
	at java.base/java.util.Formatter$FormatSpecifier.print(Formatter.java:3366)
	at java.base/java.util.Formatter$FormatSpecifier.print(Formatter.java:3351)
	at java.base/java.util.Formatter$FormatSpecifier.printInteger(Formatter.java:3049)
	at java.base/java.util.Formatter$FormatSpecifier.print(Formatter.java:3010)
	at java.base/java.util.Formatter.format(Formatter.java:2781)
	at java.base/java.util.Formatter.format(Formatter.java:2717)
	at java.base/java.lang.String.format(String.java:4155)
	at org.mockito.internal.creation.bytebuddy.SubclassBytecodeGenerator.mockClass(SubclassBytecodeGenerator.java:120)
	at org.mockito.internal.creation.bytebuddy.TypeCachingBytecodeGenerator$1.call(TypeCachingBytecodeGenerator.java:51)
	at org.mockito.internal.creation.bytebuddy.TypeCachingBytecodeGenerator$1.call(TypeCachingBytecodeGenerator.java:48)
	at net.bytebuddy.TypeCache.findOrInsert(TypeCache.java:153)
	at net.bytebuddy.TypeCache$WithInlineExpunction.findOrInsert(TypeCache.java:366)
	at net.bytebuddy.TypeCache.findOrInsert(TypeCache.java:175)
	at net.bytebuddy.TypeCache$WithInlineExpunction.findOrInsert(TypeCache.java:377)
	at org.mockito.internal.creation.bytebuddy.TypeCachingBytecodeGenerator.mockClass(TypeCachingBytecodeGenerator.java:41)
	at org.mockito.internal.creation.bytebuddy.SubclassByteBuddyMockMaker.createMockType(SubclassByteBuddyMockMaker.java:77)
	at org.mockito.internal.creation.bytebuddy.SubclassByteBuddyMockMaker.createMock(SubclassByteBuddyMockMaker.java:43)
	at org.mockito.internal.creation.bytebuddy.ByteBuddyMockMaker.createMock(ByteBuddyMockMaker.java:29)
	at org.mockito.internal.util.MockUtil.createMock(MockUtil.java:53)
	at org.mockito.internal.MockitoCore.mock(MockitoCore.java:62)
	at org.mockito.Mockito.mock(Mockito.java:1951)
	at org.mockito.Mockito.mock(Mockito.java:1862)
	at fr.univavignon.pokedex.api.IPokedexTest.setUp(IPokedexTest.java:36)
	at java.base/jdk.internal.reflect.DirectMethodHandleAccessor.invoke(DirectMethodHandleAccessor.java:104)
	at java.base/java.lang.reflect.Method.invoke(Method.java:578)
	at org.junit.platform.commons.util.ReflectionUtils.invokeMethod(ReflectionUtils.java:727)
	at org.junit.jupiter.engine.execution.MethodInvocation.proceed(MethodInvocation.java:60)
	at org.junit.jupiter.engine.execution.InvocationInterceptorChain$ValidatingInvocation.proceed(InvocationInterceptorChain.java:131)
	at org.junit.jupiter.engine.extension.TimeoutExtension.intercept(TimeoutExtension.java:156)
	at org.junit.jupiter.engine.extension.TimeoutExtension.interceptLifecycleMethod(TimeoutExtension.java:128)
	at org.junit.jupiter.engine.extension.TimeoutExtension.interceptBeforeEachMethod(TimeoutExtension.java:78)
	at org.junit.jupiter.engine.execution.InterceptingExecutableInvoker$ReflectiveInterceptorCall.lambda$ofVoidMethod$0(InterceptingExecutableInvoker.java:103)
	at org.junit.jupiter.engine.execution.InterceptingExecutableInvoker.lambda$invoke$0(InterceptingExecutableInvoker.java:93)
	at org.junit.jupiter.engine.execution.InvocationInterceptorChain$InterceptedInvocation.proceed(InvocationInterceptorChain.java:106)
	at org.junit.jupiter.engine.execution.InvocationInterceptorChain.proceed(InvocationInterceptorChain.java:64)
	at org.junit.jupiter.engine.execution.InvocationInterceptorChain.chainAndInvoke(InvocationInterceptorChain.java:45)
	at org.junit.jupiter.engine.execution.InvocationInterceptorChain.invoke(InvocationInterceptorChain.java:37)
	at org.junit.jupiter.engine.execution.InterceptingExecutableInvoker.invoke(InterceptingExecutableInvoker.java:92)
	at org.junit.jupiter.engine.execution.InterceptingExecutableInvoker.invoke(InterceptingExecutableInvoker.java:86)
	at org.junit.jupiter.engine.descriptor.ClassBasedTestDescriptor.invokeMethodInExtensionContext(ClassBasedTestDescriptor.java:520)
	at org.junit.jupiter.engine.descriptor.ClassBasedTestDescriptor.lambda$synthesizeBeforeEachMethodAdapter$23(ClassBasedTestDescriptor.java:505)
	at org.junit.jupiter.engine.descriptor.TestMethodTestDescriptor.lambda$invokeBeforeEachMethods$3(TestMethodTestDescriptor.java:174)
	at org.junit.jupiter.engine.descriptor.TestMethodTestDescriptor.lambda$invokeBeforeMethodsOrCallbacksUntilExceptionOccurs$6(TestMethodTestDescriptor.java:202)
	at org.junit.platform.engine.support.hierarchical.ThrowableCollector.execute(ThrowableCollector.java:73)
	at org.junit.jupiter.engine.descriptor.TestMethodTestDescriptor.invokeBeforeMethodsOrCallbacksUntilExceptionOccurs(TestMethodTestDescriptor.java:202)
	at org.junit.jupiter.engine.descriptor.TestMethodTestDescriptor.invokeBeforeEachMethods(TestMethodTestDescriptor.java:171)
	at org.junit.jupiter.engine.descriptor.TestMethodTestDescriptor.execute(TestMethodTestDescriptor.java:134)
	at org.junit.jupiter.engine.descriptor.TestMethodTestDescriptor.execute(TestMethodTestDescriptor.java:68)
	at org.junit.platform.engine.support.hierarchical.NodeTestTask.lambda$executeRecursively$6(NodeTestTask.java:151)
	at org.junit.platform.engine.support.hierarchical.ThrowableCollector.execute(ThrowableCollector.java:73)
	at org.junit.platform.engine.support.hierarchical.NodeTestTask.lambda$executeRecursively$8(NodeTestTask.java:141)
	at org.junit.platform.engine.support.hierarchical.Node.around(Node.java:137)
	at org.junit.platform.engine.support.hierarchical.NodeTestTask.lambda$executeRecursively$9(NodeTestTask.java:139)
	at org.junit.platform.engine.support.hierarchical.ThrowableCollector.execute(ThrowableCollector.java:73)
	at org.junit.platform.engine.support.hierarchical.NodeTestTask.executeRecursively(NodeTestTask.java:138)
	at org.junit.platform.engine.support.hierarchical.NodeTestTask.execute(NodeTestTask.java:95)
	at java.base/java.util.ArrayList.forEach(ArrayList.java:1511)
	at org.junit.platform.engine.support.hierarchical.SameThreadHierarchicalTestExecutorService.invokeAll(SameThreadHierarchicalTestExecutorService.java:41)
	at org.junit.platform.engine.support.hierarchical.NodeTestTask.lambda$executeRecursively$6(NodeTestTask.java:155)
	at org.junit.platform.engine.support.hierarchical.ThrowableCollector.execute(ThrowableCollector.java:73)
	at org.junit.platform.engine.support.hierarchical.NodeTestTask.lambda$executeRecursively$8(NodeTestTask.java:141)
	at org.junit.platform.engine.support.hierarchical.Node.around(Node.java:137)
	at org.junit.platform.engine.support.hierarchical.NodeTestTask.lambda$executeRecursively$9(NodeTestTask.java:139)
	at org.junit.platform.engine.support.hierarchical.ThrowableCollector.execute(ThrowableCollector.java:73)
	at org.junit.platform.engine.support.hierarchical.NodeTestTask.executeRecursively(NodeTestTask.java:138)
	at org.junit.platform.engine.support.hierarchical.NodeTestTask.execute(NodeTestTask.java:95)
	at java.base/java.util.ArrayList.forEach(ArrayList.java:1511)
	at org.junit.platform.engine.support.hierarchical.SameThreadHierarchicalTestExecutorService.invokeAll(SameThreadHierarchicalTestExecutorService.java:41)
	at org.junit.platform.engine.support.hierarchical.NodeTestTask.lambda$executeRecursively$6(NodeTestTask.java:155)
	at org.junit.platform.engine.support.hierarchical.ThrowableCollector.execute(ThrowableCollector.java:73)
	at org.junit.platform.engine.support.hierarchical.NodeTestTask.lambda$executeRecursively$8(NodeTestTask.java:141)
	at org.junit.platform.engine.support.hierarchical.Node.around(Node.java:137)
	at org.junit.platform.engine.support.hierarchical.NodeTestTask.lambda$executeRecursively$9(NodeTestTask.java:139)
	at org.junit.platform.engine.support.hierarchical.ThrowableCollector.execute(ThrowableCollector.java:73)
	at org.junit.platform.engine.support.hierarchical.NodeTestTask.executeRecursively(NodeTestTask.java:138)
	at org.junit.platform.engine.support.hierarchical.NodeTestTask.execute(NodeTestTask.java:95)
	at org.junit.platform.engine.support.hierarchical.SameThreadHierarchicalTestExecutorService.submit(SameThreadHierarchicalTestExecutorService.java:35)
	at org.junit.platform.engine.support.hierarchical.HierarchicalTestExecutor.execute(HierarchicalTestExecutor.java:57)
	at org.junit.platform.engine.support.hierarchical.HierarchicalTestEngine.execute(HierarchicalTestEngine.java:54)
	at org.junit.platform.launcher.core.EngineExecutionOrchestrator.execute(EngineExecutionOrchestrator.java:147)
	at org.junit.platform.launcher.core.EngineExecutionOrchestrator.execute(EngineExecutionOrchestrator.java:127)
	at org.junit.platform.launcher.core.EngineExecutionOrchestrator.execute(EngineExecutionOrchestrator.java:90)
	at org.junit.platform.launcher.core.EngineExecutionOrchestrator.lambda$execute$0(EngineExecutionOrchestrator.java:55)
	at org.junit.platform.launcher.core.EngineExecutionOrchestrator.withInterceptedStreams(EngineExecutionOrchestrator.java:102)
	at org.junit.platform.launcher.core.EngineExecutionOrchestrator.execute(EngineExecutionOrchestrator.java:54)
	at org.junit.platform.launcher.core.DefaultLauncher.execute(DefaultLauncher.java:114)
	at org.junit.platform.launcher.core.DefaultLauncher.execute(DefaultLauncher.java:86)
	at org.junit.platform.launcher.core.DefaultLauncherSession$DelegatingLauncher.execute(DefaultLauncherSession.java:86)
	at org.apache.maven.surefire.junitplatform.LazyLauncher.execute(LazyLauncher.java:50)
	at org.apache.maven.surefire.junitplatform.JUnitPlatformProvider.execute(JUnitPlatformProvider.java:184)
	at org.apache.maven.surefire.junitplatform.JUnitPlatformProvider.invokeAllTests(JUnitPlatformProvider.java:148)
	at org.apache.maven.surefire.junitplatform.JUnitPlatformProvider.invoke(JUnitPlatformProvider.java:122)
	at org.apache.maven.surefire.booter.ForkedBooter.runSuitesInProcess(ForkedBooter.java:385)
	at org.apache.maven.surefire.booter.ForkedBooter.execute(ForkedBooter.java:162)
	at org.apache.maven.surefire.booter.ForkedBooter.run(ForkedBooter.java:507)
	at org.apache.maven.surefire.booter.ForkedBooter.main(ForkedBooter.java:495)
Caused by: java.io.IOException: Error while instrumenting sun/util/resources/cldr/provider/CLDRLocaleDataMetaInfo with JaCoCo 0.8.8.202204050719/5dcf34a.
	at org.jacoco.agent.rt.internal_b6258fc.core.instr.Instrumenter.instrumentError(Instrumenter.java:161)
	at org.jacoco.agent.rt.internal_b6258fc.core.instr.Instrumenter.instrument(Instrumenter.java:111)
	at org.jacoco.agent.rt.internal_b6258fc.CoverageTransformer.transform(CoverageTransformer.java:92)
	... 125 more
Caused by: java.lang.IllegalArgumentException: Unsupported class file major version 64
	at org.jacoco.agent.rt.internal_b6258fc.asm.ClassReader.<init>(ClassReader.java:199)
	at org.jacoco.agent.rt.internal_b6258fc.asm.ClassReader.<init>(ClassReader.java:180)
	at org.jacoco.agent.rt.internal_b6258fc.asm.ClassReader.<init>(ClassReader.java:166)
	at org.jacoco.agent.rt.internal_b6258fc.core.internal.instr.InstrSupport.classReaderFor(InstrSupport.java:280)
	at org.jacoco.agent.rt.internal_b6258fc.core.instr.Instrumenter.instrument(Instrumenter.java:77)
	at org.jacoco.agent.rt.internal_b6258fc.core.instr.Instrumenter.instrument(Instrumenter.java:109)
	... 126 more
java.lang.instrument.IllegalClassFormatException: Error while instrumenting sun/util/resources/provider/LocaleDataProvider with JaCoCo 0.8.8.202204050719/5dcf34a.
	at org.jacoco.agent.rt.internal_b6258fc.CoverageTransformer.transform(CoverageTransformer.java:94)
	at java.instrument/java.lang.instrument.ClassFileTransformer.transform(ClassFileTransformer.java:244)
	at java.instrument/sun.instrument.TransformerManager.transform(TransformerManager.java:188)
	at java.instrument/sun.instrument.InstrumentationImpl.transform(InstrumentationImpl.java:541)
	at java.base/java.lang.ClassLoader.defineClass2(Native Method)
	at java.base/java.lang.ClassLoader.defineClass(ClassLoader.java:1104)
	at java.base/java.security.SecureClassLoader.defineClass(SecureClassLoader.java:182)
	at java.base/jdk.internal.loader.BuiltinClassLoader.defineClass(BuiltinClassLoader.java:821)
	at java.base/jdk.internal.loader.BuiltinClassLoader.findClassInModuleOrNull(BuiltinClassLoader.java:741)
	at java.base/jdk.internal.loader.BuiltinClassLoader.findClass(BuiltinClassLoader.java:621)
	at java.base/java.lang.ClassLoader.loadClass(ClassLoader.java:633)
	at java.base/java.lang.Class.forName(Class.java:585)
	at java.base/java.lang.Class.forName(Class.java:560)
	at java.base/java.util.ServiceLoader.loadProvider(ServiceLoader.java:859)
	at java.base/java.util.ServiceLoader$ModuleServicesLookupIterator.hasNext(ServiceLoader.java:1084)
	at java.base/java.util.ServiceLoader$2.hasNext(ServiceLoader.java:1309)
	at java.base/java.util.ServiceLoader$3.hasNext(ServiceLoader.java:1393)
	at java.base/sun.util.resources.Bundles$2.run(Bundles.java:267)
	at java.base/sun.util.resources.Bundles$2.run(Bundles.java:265)
	at java.base/java.security.AccessController.doPrivileged(AccessController.java:319)
	at java.base/sun.util.resources.Bundles.loadBundleFromProviders(Bundles.java:264)
	at java.base/sun.util.resources.Bundles.findBundleOf(Bundles.java:201)
	at java.base/sun.util.resources.Bundles.findBundleOf(Bundles.java:160)
	at java.base/sun.util.resources.Bundles.loadBundleOf(Bundles.java:145)
	at java.base/sun.util.resources.Bundles.of(Bundles.java:106)
	at java.base/sun.util.resources.LocaleData$1.run(LocaleData.java:185)
	at java.base/sun.util.resources.LocaleData$1.run(LocaleData.java:182)
	at java.base/java.security.AccessController.doPrivileged(AccessController.java:319)
	at java.base/sun.util.resources.LocaleData.getBundle(LocaleData.java:182)
	at java.base/sun.util.resources.LocaleData.getNumberFormatData(LocaleData.java:177)
	at java.base/sun.util.locale.provider.LocaleResources.getDecimalFormatSymbolsData(LocaleResources.java:213)
	at java.base/java.text.DecimalFormatSymbols.initialize(DecimalFormatSymbols.java:818)
	at java.base/java.text.DecimalFormatSymbols.<init>(DecimalFormatSymbols.java:115)
	at java.base/sun.util.locale.provider.DecimalFormatSymbolsProviderImpl.getInstance(DecimalFormatSymbolsProviderImpl.java:85)
	at java.base/java.text.DecimalFormatSymbols.getInstance(DecimalFormatSymbols.java:183)
	at java.base/java.util.Formatter.getDecimalFormatSymbols(Formatter.java:2021)
	at java.base/java.util.Formatter.getZero(Formatter.java:2029)
	at java.base/java.util.Formatter$FormatSpecifier.localizedMagnitude(Formatter.java:4526)
	at java.base/java.util.Formatter$FormatSpecifier.print(Formatter.java:3366)
	at java.base/java.util.Formatter$FormatSpecifier.print(Formatter.java:3351)
	at java.base/java.util.Formatter$FormatSpecifier.printInteger(Formatter.java:3049)
	at java.base/java.util.Formatter$FormatSpecifier.print(Formatter.java:3010)
	at java.base/java.util.Formatter.format(Formatter.java:2781)
	at java.base/java.util.Formatter.format(Formatter.java:2717)
	at java.base/java.lang.String.format(String.java:4155)
	at org.mockito.internal.creation.bytebuddy.SubclassBytecodeGenerator.mockClass(SubclassBytecodeGenerator.java:120)
	at org.mockito.internal.creation.bytebuddy.TypeCachingBytecodeGenerator$1.call(TypeCachingBytecodeGenerator.java:51)
	at org.mockito.internal.creation.bytebuddy.TypeCachingBytecodeGenerator$1.call(TypeCachingBytecodeGenerator.java:48)
	at net.bytebuddy.TypeCache.findOrInsert(TypeCache.java:153)
	at net.bytebuddy.TypeCache$WithInlineExpunction.findOrInsert(TypeCache.java:366)
	at net.bytebuddy.TypeCache.findOrInsert(TypeCache.java:175)
	at net.bytebuddy.TypeCache$WithInlineExpunction.findOrInsert(TypeCache.java:377)
	at org.mockito.internal.creation.bytebuddy.TypeCachingBytecodeGenerator.mockClass(TypeCachingBytecodeGenerator.java:41)
	at org.mockito.internal.creation.bytebuddy.SubclassByteBuddyMockMaker.createMockType(SubclassByteBuddyMockMaker.java:77)
	at org.mockito.internal.creation.bytebuddy.SubclassByteBuddyMockMaker.createMock(SubclassByteBuddyMockMaker.java:43)
	at org.mockito.internal.creation.bytebuddy.ByteBuddyMockMaker.createMock(ByteBuddyMockMaker.java:29)
	at org.mockito.internal.util.MockUtil.createMock(MockUtil.java:53)
	at org.mockito.internal.MockitoCore.mock(MockitoCore.java:62)
	at org.mockito.Mockito.mock(Mockito.java:1951)
	at org.mockito.Mockito.mock(Mockito.java:1862)
	at fr.univavignon.pokedex.api.IPokedexTest.setUp(IPokedexTest.java:36)
	at java.base/jdk.internal.reflect.DirectMethodHandleAccessor.invoke(DirectMethodHandleAccessor.java:104)
	at java.base/java.lang.reflect.Method.invoke(Method.java:578)
	at org.junit.platform.commons.util.ReflectionUtils.invokeMethod(ReflectionUtils.java:727)
	at org.junit.jupiter.engine.execution.MethodInvocation.proceed(MethodInvocation.java:60)
	at org.junit.jupiter.engine.execution.InvocationInterceptorChain$ValidatingInvocation.proceed(InvocationInterceptorChain.java:131)
	at org.junit.jupiter.engine.extension.TimeoutExtension.intercept(TimeoutExtension.java:156)
	at org.junit.jupiter.engine.extension.TimeoutExtension.interceptLifecycleMethod(TimeoutExtension.java:128)
	at org.junit.jupiter.engine.extension.TimeoutExtension.interceptBeforeEachMethod(TimeoutExtension.java:78)
	at org.junit.jupiter.engine.execution.InterceptingExecutableInvoker$ReflectiveInterceptorCall.lambda$ofVoidMethod$0(InterceptingExecutableInvoker.java:103)
	at org.junit.jupiter.engine.execution.InterceptingExecutableInvoker.lambda$invoke$0(InterceptingExecutableInvoker.java:93)
	at org.junit.jupiter.engine.execution.InvocationInterceptorChain$InterceptedInvocation.proceed(InvocationInterceptorChain.java:106)
	at org.junit.jupiter.engine.execution.InvocationInterceptorChain.proceed(InvocationInterceptorChain.java:64)
	at org.junit.jupiter.engine.execution.InvocationInterceptorChain.chainAndInvoke(InvocationInterceptorChain.java:45)
	at org.junit.jupiter.engine.execution.InvocationInterceptorChain.invoke(InvocationInterceptorChain.java:37)
	at org.junit.jupiter.engine.execution.InterceptingExecutableInvoker.invoke(InterceptingExecutableInvoker.java:92)
	at org.junit.jupiter.engine.execution.InterceptingExecutableInvoker.invoke(InterceptingExecutableInvoker.java:86)
	at org.junit.jupiter.engine.descriptor.ClassBasedTestDescriptor.invokeMethodInExtensionContext(ClassBasedTestDescriptor.java:520)
	at org.junit.jupiter.engine.descriptor.ClassBasedTestDescriptor.lambda$synthesizeBeforeEachMethodAdapter$23(ClassBasedTestDescriptor.java:505)
	at org.junit.jupiter.engine.descriptor.TestMethodTestDescriptor.lambda$invokeBeforeEachMethods$3(TestMethodTestDescriptor.java:174)
	at org.junit.jupiter.engine.descriptor.TestMethodTestDescriptor.lambda$invokeBeforeMethodsOrCallbacksUntilExceptionOccurs$6(TestMethodTestDescriptor.java:202)
	at org.junit.platform.engine.support.hierarchical.ThrowableCollector.execute(ThrowableCollector.java:73)
	at org.junit.jupiter.engine.descriptor.TestMethodTestDescriptor.invokeBeforeMethodsOrCallbacksUntilExceptionOccurs(TestMethodTestDescriptor.java:202)
	at org.junit.jupiter.engine.descriptor.TestMethodTestDescriptor.invokeBeforeEachMethods(TestMethodTestDescriptor.java:171)
	at org.junit.jupiter.engine.descriptor.TestMethodTestDescriptor.execute(TestMethodTestDescriptor.java:134)
	at org.junit.jupiter.engine.descriptor.TestMethodTestDescriptor.execute(TestMethodTestDescriptor.java:68)
	at org.junit.platform.engine.support.hierarchical.NodeTestTask.lambda$executeRecursively$6(NodeTestTask.java:151)
	at org.junit.platform.engine.support.hierarchical.ThrowableCollector.execute(ThrowableCollector.java:73)
	at org.junit.platform.engine.support.hierarchical.NodeTestTask.lambda$executeRecursively$8(NodeTestTask.java:141)
	at org.junit.platform.engine.support.hierarchical.Node.around(Node.java:137)
	at org.junit.platform.engine.support.hierarchical.NodeTestTask.lambda$executeRecursively$9(NodeTestTask.java:139)
	at org.junit.platform.engine.support.hierarchical.ThrowableCollector.execute(ThrowableCollector.java:73)
	at org.junit.platform.engine.support.hierarchical.NodeTestTask.executeRecursively(NodeTestTask.java:138)
	at org.junit.platform.engine.support.hierarchical.NodeTestTask.execute(NodeTestTask.java:95)
	at java.base/java.util.ArrayList.forEach(ArrayList.java:1511)
	at org.junit.platform.engine.support.hierarchical.SameThreadHierarchicalTestExecutorService.invokeAll(SameThreadHierarchicalTestExecutorService.java:41)
	at org.junit.platform.engine.support.hierarchical.NodeTestTask.lambda$executeRecursively$6(NodeTestTask.java:155)
	at org.junit.platform.engine.support.hierarchical.ThrowableCollector.execute(ThrowableCollector.java:73)
	at org.junit.platform.engine.support.hierarchical.NodeTestTask.lambda$executeRecursively$8(NodeTestTask.java:141)
	at org.junit.platform.engine.support.hierarchical.Node.around(Node.java:137)
	at org.junit.platform.engine.support.hierarchical.NodeTestTask.lambda$executeRecursively$9(NodeTestTask.java:139)
	at org.junit.platform.engine.support.hierarchical.ThrowableCollector.execute(ThrowableCollector.java:73)
	at org.junit.platform.engine.support.hierarchical.NodeTestTask.executeRecursively(NodeTestTask.java:138)
	at org.junit.platform.engine.support.hierarchical.NodeTestTask.execute(NodeTestTask.java:95)
	at java.base/java.util.ArrayList.forEach(ArrayList.java:1511)
	at org.junit.platform.engine.support.hierarchical.SameThreadHierarchicalTestExecutorService.invokeAll(SameThreadHierarchicalTestExecutorService.java:41)
	at org.junit.platform.engine.support.hierarchical.NodeTestTask.lambda$executeRecursively$6(NodeTestTask.java:155)
	at org.junit.platform.engine.support.hierarchical.ThrowableCollector.execute(ThrowableCollector.java:73)
	at org.junit.platform.engine.support.hierarchical.NodeTestTask.lambda$executeRecursively$8(NodeTestTask.java:141)
	at org.junit.platform.engine.support.hierarchical.Node.around(Node.java:137)
	at org.junit.platform.engine.support.hierarchical.NodeTestTask.lambda$executeRecursively$9(NodeTestTask.java:139)
	at org.junit.platform.engine.support.hierarchical.ThrowableCollector.execute(ThrowableCollector.java:73)
	at org.junit.platform.engine.support.hierarchical.NodeTestTask.executeRecursively(NodeTestTask.java:138)
	at org.junit.platform.engine.support.hierarchical.NodeTestTask.execute(NodeTestTask.java:95)
	at org.junit.platform.engine.support.hierarchical.SameThreadHierarchicalTestExecutorService.submit(SameThreadHierarchicalTestExecutorService.java:35)
	at org.junit.platform.engine.support.hierarchical.HierarchicalTestExecutor.execute(HierarchicalTestExecutor.java:57)
	at org.junit.platform.engine.support.hierarchical.HierarchicalTestEngine.execute(HierarchicalTestEngine.java:54)
	at org.junit.platform.launcher.core.EngineExecutionOrchestrator.execute(EngineExecutionOrchestrator.java:147)
	at org.junit.platform.launcher.core.EngineExecutionOrchestrator.execute(EngineExecutionOrchestrator.java:127)
	at org.junit.platform.launcher.core.EngineExecutionOrchestrator.execute(EngineExecutionOrchestrator.java:90)
	at org.junit.platform.launcher.core.EngineExecutionOrchestrator.lambda$execute$0(EngineExecutionOrchestrator.java:55)
	at org.junit.platform.launcher.core.EngineExecutionOrchestrator.withInterceptedStreams(EngineExecutionOrchestrator.java:102)
	at org.junit.platform.launcher.core.EngineExecutionOrchestrator.execute(EngineExecutionOrchestrator.java:54)
	at org.junit.platform.launcher.core.DefaultLauncher.execute(DefaultLauncher.java:114)
	at org.junit.platform.launcher.core.DefaultLauncher.execute(DefaultLauncher.java:86)
	at org.junit.platform.launcher.core.DefaultLauncherSession$DelegatingLauncher.execute(DefaultLauncherSession.java:86)
	at org.apache.maven.surefire.junitplatform.LazyLauncher.execute(LazyLauncher.java:50)
	at org.apache.maven.surefire.junitplatform.JUnitPlatformProvider.execute(JUnitPlatformProvider.java:184)
	at org.apache.maven.surefire.junitplatform.JUnitPlatformProvider.invokeAllTests(JUnitPlatformProvider.java:148)
	at org.apache.maven.surefire.junitplatform.JUnitPlatformProvider.invoke(JUnitPlatformProvider.java:122)
	at org.apache.maven.surefire.booter.ForkedBooter.runSuitesInProcess(ForkedBooter.java:385)
	at org.apache.maven.surefire.booter.ForkedBooter.execute(ForkedBooter.java:162)
	at org.apache.maven.surefire.booter.ForkedBooter.run(ForkedBooter.java:507)
	at org.apache.maven.surefire.booter.ForkedBooter.main(ForkedBooter.java:495)
Caused by: java.io.IOException: Error while instrumenting sun/util/resources/provider/LocaleDataProvider with JaCoCo 0.8.8.202204050719/5dcf34a.
	at org.jacoco.agent.rt.internal_b6258fc.core.instr.Instrumenter.instrumentError(Instrumenter.java:161)
	at org.jacoco.agent.rt.internal_b6258fc.core.instr.Instrumenter.instrument(Instrumenter.java:111)
	at org.jacoco.agent.rt.internal_b6258fc.CoverageTransformer.transform(CoverageTransformer.java:92)
	... 133 more
Caused by: java.lang.IllegalArgumentException: Unsupported class file major version 64
	at org.jacoco.agent.rt.internal_b6258fc.asm.ClassReader.<init>(ClassReader.java:199)
	at org.jacoco.agent.rt.internal_b6258fc.asm.ClassReader.<init>(ClassReader.java:180)
	at org.jacoco.agent.rt.internal_b6258fc.asm.ClassReader.<init>(ClassReader.java:166)
	at org.jacoco.agent.rt.internal_b6258fc.core.internal.instr.InstrSupport.classReaderFor(InstrSupport.java:280)
	at org.jacoco.agent.rt.internal_b6258fc.core.instr.Instrumenter.instrument(Instrumenter.java:77)
	at org.jacoco.agent.rt.internal_b6258fc.core.instr.Instrumenter.instrument(Instrumenter.java:109)
	... 134 more
java.lang.instrument.IllegalClassFormatException: Error while instrumenting sun/text/resources/cldr/ext/FormatData_fr with JaCoCo 0.8.8.202204050719/5dcf34a.
	at org.jacoco.agent.rt.internal_b6258fc.CoverageTransformer.transform(CoverageTransformer.java:94)
	at java.instrument/java.lang.instrument.ClassFileTransformer.transform(ClassFileTransformer.java:244)
	at java.instrument/sun.instrument.TransformerManager.transform(TransformerManager.java:188)
	at java.instrument/sun.instrument.InstrumentationImpl.transform(InstrumentationImpl.java:541)
	at java.base/java.lang.ClassLoader.defineClass2(Native Method)
	at java.base/java.lang.ClassLoader.defineClass(ClassLoader.java:1104)
	at java.base/java.security.SecureClassLoader.defineClass(SecureClassLoader.java:182)
	at java.base/jdk.internal.loader.BuiltinClassLoader.defineClass(BuiltinClassLoader.java:821)
	at java.base/jdk.internal.loader.BuiltinClassLoader.findClassInModuleOrNull(BuiltinClassLoader.java:741)
	at java.base/jdk.internal.loader.BuiltinClassLoader.findClass(BuiltinClassLoader.java:621)
	at java.base/java.lang.ClassLoader.loadClass(ClassLoader.java:633)
	at java.base/java.lang.Class.forName(Class.java:585)
	at java.base/java.lang.Class.forName(Class.java:560)
	at jdk.localedata/sun.util.resources.provider.LocaleDataProvider.loadResourceBundle(LocaleDataProvider.java:54)
	at jdk.localedata/sun.util.resources.provider.LocaleDataProvider.getBundle(LocaleDataProvider.java:40)
	at java.base/sun.util.resources.Bundles$2.run(Bundles.java:270)
	at java.base/sun.util.resources.Bundles$2.run(Bundles.java:265)
	at java.base/java.security.AccessController.doPrivileged(AccessController.java:319)
	at java.base/sun.util.resources.Bundles.loadBundleFromProviders(Bundles.java:264)
	at java.base/sun.util.resources.Bundles.findBundleOf(Bundles.java:201)
	at java.base/sun.util.resources.Bundles.findBundleOf(Bundles.java:160)
	at java.base/sun.util.resources.Bundles.loadBundleOf(Bundles.java:145)
	at java.base/sun.util.resources.Bundles.of(Bundles.java:106)
	at java.base/sun.util.resources.LocaleData$1.run(LocaleData.java:185)
	at java.base/sun.util.resources.LocaleData$1.run(LocaleData.java:182)
	at java.base/java.security.AccessController.doPrivileged(AccessController.java:319)
	at java.base/sun.util.resources.LocaleData.getBundle(LocaleData.java:182)
	at java.base/sun.util.resources.LocaleData.getNumberFormatData(LocaleData.java:177)
	at java.base/sun.util.locale.provider.LocaleResources.getDecimalFormatSymbolsData(LocaleResources.java:213)
	at java.base/java.text.DecimalFormatSymbols.initialize(DecimalFormatSymbols.java:818)
	at java.base/java.text.DecimalFormatSymbols.<init>(DecimalFormatSymbols.java:115)
	at java.base/sun.util.locale.provider.DecimalFormatSymbolsProviderImpl.getInstance(DecimalFormatSymbolsProviderImpl.java:85)
	at java.base/java.text.DecimalFormatSymbols.getInstance(DecimalFormatSymbols.java:183)
	at java.base/java.util.Formatter.getDecimalFormatSymbols(Formatter.java:2021)
	at java.base/java.util.Formatter.getZero(Formatter.java:2029)
	at java.base/java.util.Formatter$FormatSpecifier.localizedMagnitude(Formatter.java:4526)
	at java.base/java.util.Formatter$FormatSpecifier.print(Formatter.java:3366)
	at java.base/java.util.Formatter$FormatSpecifier.print(Formatter.java:3351)
	at java.base/java.util.Formatter$FormatSpecifier.printInteger(Formatter.java:3049)
	at java.base/java.util.Formatter$FormatSpecifier.print(Formatter.java:3010)
	at java.base/java.util.Formatter.format(Formatter.java:2781)
	at java.base/java.util.Formatter.format(Formatter.java:2717)
	at java.base/java.lang.String.format(String.java:4155)
	at org.mockito.internal.creation.bytebuddy.SubclassBytecodeGenerator.mockClass(SubclassBytecodeGenerator.java:120)
	at org.mockito.internal.creation.bytebuddy.TypeCachingBytecodeGenerator$1.call(TypeCachingBytecodeGenerator.java:51)
	at org.mockito.internal.creation.bytebuddy.TypeCachingBytecodeGenerator$1.call(TypeCachingBytecodeGenerator.java:48)
	at net.bytebuddy.TypeCache.findOrInsert(TypeCache.java:153)
	at net.bytebuddy.TypeCache$WithInlineExpunction.findOrInsert(TypeCache.java:366)
	at net.bytebuddy.TypeCache.findOrInsert(TypeCache.java:175)
	at net.bytebuddy.TypeCache$WithInlineExpunction.findOrInsert(TypeCache.java:377)
	at org.mockito.internal.creation.bytebuddy.TypeCachingBytecodeGenerator.mockClass(TypeCachingBytecodeGenerator.java:41)
	at org.mockito.internal.creation.bytebuddy.SubclassByteBuddyMockMaker.createMockType(SubclassByteBuddyMockMaker.java:77)
	at org.mockito.internal.creation.bytebuddy.SubclassByteBuddyMockMaker.createMock(SubclassByteBuddyMockMaker.java:43)
	at org.mockito.internal.creation.bytebuddy.ByteBuddyMockMaker.createMock(ByteBuddyMockMaker.java:29)
	at org.mockito.internal.util.MockUtil.createMock(MockUtil.java:53)
	at org.mockito.internal.MockitoCore.mock(MockitoCore.java:62)
	at org.mockito.Mockito.mock(Mockito.java:1951)
	at org.mockito.Mockito.mock(Mockito.java:1862)
	at fr.univavignon.pokedex.api.IPokedexTest.setUp(IPokedexTest.java:36)
	at java.base/jdk.internal.reflect.DirectMethodHandleAccessor.invoke(DirectMethodHandleAccessor.java:104)
	at java.base/java.lang.reflect.Method.invoke(Method.java:578)
	at org.junit.platform.commons.util.ReflectionUtils.invokeMethod(ReflectionUtils.java:727)
	at org.junit.jupiter.engine.execution.MethodInvocation.proceed(MethodInvocation.java:60)
	at org.junit.jupiter.engine.execution.InvocationInterceptorChain$ValidatingInvocation.proceed(InvocationInterceptorChain.java:131)
	at org.junit.jupiter.engine.extension.TimeoutExtension.intercept(TimeoutExtension.java:156)
	at org.junit.jupiter.engine.extension.TimeoutExtension.interceptLifecycleMethod(TimeoutExtension.java:128)
	at org.junit.jupiter.engine.extension.TimeoutExtension.interceptBeforeEachMethod(TimeoutExtension.java:78)
	at org.junit.jupiter.engine.execution.InterceptingExecutableInvoker$ReflectiveInterceptorCall.lambda$ofVoidMethod$0(InterceptingExecutableInvoker.java:103)
	at org.junit.jupiter.engine.execution.InterceptingExecutableInvoker.lambda$invoke$0(InterceptingExecutableInvoker.java:93)
	at org.junit.jupiter.engine.execution.InvocationInterceptorChain$InterceptedInvocation.proceed(InvocationInterceptorChain.java:106)
	at org.junit.jupiter.engine.execution.InvocationInterceptorChain.proceed(InvocationInterceptorChain.java:64)
	at org.junit.jupiter.engine.execution.InvocationInterceptorChain.chainAndInvoke(InvocationInterceptorChain.java:45)
	at org.junit.jupiter.engine.execution.InvocationInterceptorChain.invoke(InvocationInterceptorChain.java:37)
	at org.junit.jupiter.engine.execution.InterceptingExecutableInvoker.invoke(InterceptingExecutableInvoker.java:92)
	at org.junit.jupiter.engine.execution.InterceptingExecutableInvoker.invoke(InterceptingExecutableInvoker.java:86)
	at org.junit.jupiter.engine.descriptor.ClassBasedTestDescriptor.invokeMethodInExtensionContext(ClassBasedTestDescriptor.java:520)
	at org.junit.jupiter.engine.descriptor.ClassBasedTestDescriptor.lambda$synthesizeBeforeEachMethodAdapter$23(ClassBasedTestDescriptor.java:505)
	at org.junit.jupiter.engine.descriptor.TestMethodTestDescriptor.lambda$invokeBeforeEachMethods$3(TestMethodTestDescriptor.java:174)
	at org.junit.jupiter.engine.descriptor.TestMethodTestDescriptor.lambda$invokeBeforeMethodsOrCallbacksUntilExceptionOccurs$6(TestMethodTestDescriptor.java:202)
	at org.junit.platform.engine.support.hierarchical.ThrowableCollector.execute(ThrowableCollector.java:73)
	at org.junit.jupiter.engine.descriptor.TestMethodTestDescriptor.invokeBeforeMethodsOrCallbacksUntilExceptionOccurs(TestMethodTestDescriptor.java:202)
	at org.junit.jupiter.engine.descriptor.TestMethodTestDescriptor.invokeBeforeEachMethods(TestMethodTestDescriptor.java:171)
	at org.junit.jupiter.engine.descriptor.TestMethodTestDescriptor.execute(TestMethodTestDescriptor.java:134)
	at org.junit.jupiter.engine.descriptor.TestMethodTestDescriptor.execute(TestMethodTestDescriptor.java:68)
	at org.junit.platform.engine.support.hierarchical.NodeTestTask.lambda$executeRecursively$6(NodeTestTask.java:151)
	at org.junit.platform.engine.support.hierarchical.ThrowableCollector.execute(ThrowableCollector.java:73)
	at org.junit.platform.engine.support.hierarchical.NodeTestTask.lambda$executeRecursively$8(NodeTestTask.java:141)
	at org.junit.platform.engine.support.hierarchical.Node.around(Node.java:137)
	at org.junit.platform.engine.support.hierarchical.NodeTestTask.lambda$executeRecursively$9(NodeTestTask.java:139)
	at org.junit.platform.engine.support.hierarchical.ThrowableCollector.execute(ThrowableCollector.java:73)
	at org.junit.platform.engine.support.hierarchical.NodeTestTask.executeRecursively(NodeTestTask.java:138)
	at org.junit.platform.engine.support.hierarchical.NodeTestTask.execute(NodeTestTask.java:95)
	at java.base/java.util.ArrayList.forEach(ArrayList.java:1511)
	at org.junit.platform.engine.support.hierarchical.SameThreadHierarchicalTestExecutorService.invokeAll(SameThreadHierarchicalTestExecutorService.java:41)
	at org.junit.platform.engine.support.hierarchical.NodeTestTask.lambda$executeRecursively$6(NodeTestTask.java:155)
	at org.junit.platform.engine.support.hierarchical.ThrowableCollector.execute(ThrowableCollector.java:73)
	at org.junit.platform.engine.support.hierarchical.NodeTestTask.lambda$executeRecursively$8(NodeTestTask.java:141)
	at org.junit.platform.engine.support.hierarchical.Node.around(Node.java:137)
	at org.junit.platform.engine.support.hierarchical.NodeTestTask.lambda$executeRecursively$9(NodeTestTask.java:139)
	at org.junit.platform.engine.support.hierarchical.ThrowableCollector.execute(ThrowableCollector.java:73)
	at org.junit.platform.engine.support.hierarchical.NodeTestTask.executeRecursively(NodeTestTask.java:138)
	at org.junit.platform.engine.support.hierarchical.NodeTestTask.execute(NodeTestTask.java:95)
	at java.base/java.util.ArrayList.forEach(ArrayList.java:1511)
	at org.junit.platform.engine.support.hierarchical.SameThreadHierarchicalTestExecutorService.invokeAll(SameThreadHierarchicalTestExecutorService.java:41)
	at org.junit.platform.engine.support.hierarchical.NodeTestTask.lambda$executeRecursively$6(NodeTestTask.java:155)
	at org.junit.platform.engine.support.hierarchical.ThrowableCollector.execute(ThrowableCollector.java:73)
	at org.junit.platform.engine.support.hierarchical.NodeTestTask.lambda$executeRecursively$8(NodeTestTask.java:141)
	at org.junit.platform.engine.support.hierarchical.Node.around(Node.java:137)
	at org.junit.platform.engine.support.hierarchical.NodeTestTask.lambda$executeRecursively$9(NodeTestTask.java:139)
	at org.junit.platform.engine.support.hierarchical.ThrowableCollector.execute(ThrowableCollector.java:73)
	at org.junit.platform.engine.support.hierarchical.NodeTestTask.executeRecursively(NodeTestTask.java:138)
	at org.junit.platform.engine.support.hierarchical.NodeTestTask.execute(NodeTestTask.java:95)
	at org.junit.platform.engine.support.hierarchical.SameThreadHierarchicalTestExecutorService.submit(SameThreadHierarchicalTestExecutorService.java:35)
	at org.junit.platform.engine.support.hierarchical.HierarchicalTestExecutor.execute(HierarchicalTestExecutor.java:57)
	at org.junit.platform.engine.support.hierarchical.HierarchicalTestEngine.execute(HierarchicalTestEngine.java:54)
	at org.junit.platform.launcher.core.EngineExecutionOrchestrator.execute(EngineExecutionOrchestrator.java:147)
	at org.junit.platform.launcher.core.EngineExecutionOrchestrator.execute(EngineExecutionOrchestrator.java:127)
	at org.junit.platform.launcher.core.EngineExecutionOrchestrator.execute(EngineExecutionOrchestrator.java:90)
	at org.junit.platform.launcher.core.EngineExecutionOrchestrator.lambda$execute$0(EngineExecutionOrchestrator.java:55)
	at org.junit.platform.launcher.core.EngineExecutionOrchestrator.withInterceptedStreams(EngineExecutionOrchestrator.java:102)
	at org.junit.platform.launcher.core.EngineExecutionOrchestrator.execute(EngineExecutionOrchestrator.java:54)
	at org.junit.platform.launcher.core.DefaultLauncher.execute(DefaultLauncher.java:114)
	at org.junit.platform.launcher.core.DefaultLauncher.execute(DefaultLauncher.java:86)
	at org.junit.platform.launcher.core.DefaultLauncherSession$DelegatingLauncher.execute(DefaultLauncherSession.java:86)
	at org.apache.maven.surefire.junitplatform.LazyLauncher.execute(LazyLauncher.java:50)
	at org.apache.maven.surefire.junitplatform.JUnitPlatformProvider.execute(JUnitPlatformProvider.java:184)
	at org.apache.maven.surefire.junitplatform.JUnitPlatformProvider.invokeAllTests(JUnitPlatformProvider.java:148)
	at org.apache.maven.surefire.junitplatform.JUnitPlatformProvider.invoke(JUnitPlatformProvider.java:122)
	at org.apache.maven.surefire.booter.ForkedBooter.runSuitesInProcess(ForkedBooter.java:385)
	at org.apache.maven.surefire.booter.ForkedBooter.execute(ForkedBooter.java:162)
	at org.apache.maven.surefire.booter.ForkedBooter.run(ForkedBooter.java:507)
	at org.apache.maven.surefire.booter.ForkedBooter.main(ForkedBooter.java:495)
Caused by: java.io.IOException: Error while instrumenting sun/text/resources/cldr/ext/FormatData_fr with JaCoCo 0.8.8.202204050719/5dcf34a.
	at org.jacoco.agent.rt.internal_b6258fc.core.instr.Instrumenter.instrumentError(Instrumenter.java:161)
	at org.jacoco.agent.rt.internal_b6258fc.core.instr.Instrumenter.instrument(Instrumenter.java:111)
	at org.jacoco.agent.rt.internal_b6258fc.CoverageTransformer.transform(CoverageTransformer.java:92)
	... 131 more
Caused by: java.lang.IllegalArgumentException: Unsupported class file major version 64
	at org.jacoco.agent.rt.internal_b6258fc.asm.ClassReader.<init>(ClassReader.java:199)
	at org.jacoco.agent.rt.internal_b6258fc.asm.ClassReader.<init>(ClassReader.java:180)
	at org.jacoco.agent.rt.internal_b6258fc.asm.ClassReader.<init>(ClassReader.java:166)
	at org.jacoco.agent.rt.internal_b6258fc.core.internal.instr.InstrSupport.classReaderFor(InstrSupport.java:280)
	at org.jacoco.agent.rt.internal_b6258fc.core.instr.Instrumenter.instrument(Instrumenter.java:77)
	at org.jacoco.agent.rt.internal_b6258fc.core.instr.Instrumenter.instrument(Instrumenter.java:109)
	... 132 more
]]></system-err>
  </testcase>
  <testcase name="testAdd" classname="fr.univavignon.pokedex.api.IPokedexTest" time="0.001"/>
  <testcase name="testSize" classname="fr.univavignon.pokedex.api.IPokedexTest" time="0.001"/>
  <testcase name="testSize" classname="fr.univavignon.pokedex.api.IPokedexTest" time="0"/>
  <testcase name="testGetPokemon" classname="fr.univavignon.pokedex.api.IPokedexTest" time="0.001"/>
  <testcase name="testGetPokemon" classname="fr.univavignon.pokedex.api.IPokedexTest" time="0"/>
  <testcase name="testAddPokemon" classname="fr.univavignon.pokedex.api.IPokedexTest" time="0.001"/>
  <testcase name="testAddPokemon" classname="fr.univavignon.pokedex.api.IPokedexTest" time="0"/>
  <testcase name="testTestGetPokemons" classname="fr.univavignon.pokedex.api.IPokedexTest" time="0.001"/>
  <testcase name="testTestGetPokemons" classname="fr.univavignon.pokedex.api.IPokedexTest" time="0"/>
  <testcase name="testGetPokemons" classname="fr.univavignon.pokedex.api.IPokedexTest" time="0.001"/>
  <testcase name="testGetPokemons" classname="fr.univavignon.pokedex.api.IPokedexTest" time="0"/>
</testsuite>